Using pre-set license
Built from '2020.3/staging' branch; Version is '2020.3.6f1 (338bb68529b2) revision 3378102'; Using compiler version '192528614'; Build Type 'Release'
OS: 'Windows 10 Home; OS build 19041.928; Version 2004; 64bit' Language: 'en' Physical Memory: 16332 MB
BatchMode: 1, IsHumanControllingUs: 0, StartBugReporterOnCrash: 0, Is64bit: 1, IsPro: 0

 COMMAND LINE ARGUMENTS:
C:\Program Files\Unity\Hub\Editor\2020.3.6f1\Editor\Unity.exe
-adb2
-batchMode
-noUpm
-name
AssetImportWorker0
-projectPath
C:/Users/Sniper Link/Desktop/GameX/GameXUnity
-logFile
Logs/AssetImportWorker0.log
-srvPort
61176
Successfully changed project path to: C:/Users/Sniper Link/Desktop/GameX/GameXUnity
C:/Users/Sniper Link/Desktop/GameX/GameXUnity
Using Asset Import Pipeline V2.
Refreshing native plugins compatible for Editor in 53.98 ms, found 0 plugins.
Preloading 0 native plugins for Editor in 0.00 ms.
Initialize engine version: 2020.3.6f1 (338bb68529b2)
[Subsystems] Discovering subsystems at path C:/Program Files/Unity/Hub/Editor/2020.3.6f1/Editor/Data/Resources/UnitySubsystems
[Subsystems] Discovering subsystems at path C:/Users/Sniper Link/Desktop/GameX/GameXUnity/Assets
GfxDevice: creating device client; threaded=0
Direct3D:
    Version:  Direct3D 11.0 [level 11.1]
    Renderer: NVIDIA GeForce GTX 1060 6GB (ID=0x1c03)
    Vendor:   
    VRAM:     6052 MB
    Driver:   27.21.14.6611
Shader 'Universal Render Pipeline/Particles/Lit': fallback shader 'Universal Render Pipeline/Particles/SimpleLit' not found
Initialize mono
Mono path[0] = 'C:/Program Files/Unity/Hub/Editor/2020.3.6f1/Editor/Data/Managed'
Mono path[1] = 'C:/Program Files/Unity/Hub/Editor/2020.3.6f1/Editor/Data/MonoBleedingEdge/lib/mono/unityjit'
Mono config path = 'C:/Program Files/Unity/Hub/Editor/2020.3.6f1/Editor/Data/MonoBleedingEdge/etc'
Using monoOptions --debugger-agent=transport=dt_socket,embedding=1,server=y,suspend=n,address=127.0.0.1:56864
Begin MonoManager ReloadAssembly
Registering precompiled unity dll's ...
Register platform support module: C:/Program Files/Unity/Hub/Editor/2020.3.6f1/Editor/Data/PlaybackEngines/WindowsStandaloneSupport/UnityEditor.WindowsStandalone.Extensions.dll
Registered in 0.002230 seconds.
Native extension for WindowsStandalone target not found
Refreshing native plugins compatible for Editor in 64.23 ms, found 0 plugins.
Preloading 0 native plugins for Editor in 0.00 ms.
Mono: successfully reloaded assembly
- Completed reload, in  2.497 seconds
Platform modules already initialized, skipping
Registering precompiled user dll's ...
Registered in 0.001364 seconds.
Begin MonoManager ReloadAssembly
Native extension for WindowsStandalone target not found
Refreshing native plugins compatible for Editor in 64.06 ms, found 0 plugins.
Preloading 0 native plugins for Editor in 0.00 ms.
Mono: successfully reloaded assembly
- Completed reload, in  1.361 seconds
Platform modules already initialized, skipping
========================================================================
Worker process is ready to serve import requests
Shader 'Universal Render Pipeline/Particles/Lit': fallback shader 'Universal Render Pipeline/Particles/SimpleLit' not found
Launched and connected shader compiler UnityShaderCompiler.exe after 0.06 seconds
Refreshing native plugins compatible for Editor in 1.06 ms, found 0 plugins.
Preloading 0 native plugins for Editor in 0.00 ms.
Unloading 2537 Unused Serialized files (Serialized files now loaded: 0)
System memory in use before: 125.3 MB.
System memory in use after: 125.5 MB.

Unloading 10 unused Assets to reduce memory usage. Loaded Objects now: 2980.
Total: 6.703600 ms (FindLiveObjects: 1.287100 ms CreateObjectMapping: 0.417400 ms MarkObjects: 4.864500 ms  DeleteObjects: 0.131400 ms)

========================================================================
Received Import Request.
  path: Assets/Assets/Models/Iron Man.fbx
  artifactKey: Guid(f8ad17046c6112e4695f7cdb4e8a82e3) Importer(815301076,1909f56bfc062723c751e8b465ee728b)
Start importing Assets/Assets/Models/Iron Man.fbx using Guid(f8ad17046c6112e4695f7cdb4e8a82e3) Importer(815301076,1909f56bfc062723c751e8b465ee728b)  -> (artifact id: '6dacea49ce6d6faf55eda8e1111c64e3') in 1.598772 seconds
  Import took 1.607157 seconds .

========================================================================
Received Import Request.
  Time since last request: 0.000422 seconds.
  path: Assets/Assets/Models/Glibrado_test.fbx
  artifactKey: Guid(de1ab1fde5ef4b943ac6e5bbc823a704) Importer(815301076,1909f56bfc062723c751e8b465ee728b)
Start importing Assets/Assets/Models/Glibrado_test.fbx using Guid(de1ab1fde5ef4b943ac6e5bbc823a704) Importer(815301076,1909f56bfc062723c751e8b465ee728b)  -> (artifact id: '76761bf253730cbb1938eefe4dc7bd7c') in 0.033109 seconds
  Import took 0.038129 seconds .

========================================================================
Received Import Request.
  Time since last request: 0.000153 seconds.
  path: Assets/Assets/Models/Bus_Low_Poly.fbx
  artifactKey: Guid(1ada93c912db3344492b66a7aca6c185) Importer(815301076,1909f56bfc062723c751e8b465ee728b)
Start importing Assets/Assets/Models/Bus_Low_Poly.fbx using Guid(1ada93c912db3344492b66a7aca6c185) Importer(815301076,1909f56bfc062723c751e8b465ee728b)  -> (artifact id: '14a812360d7975e90ddf2a218b3bf399') in 2.153375 seconds
  Import took 2.159717 seconds .

========================================================================
Received Import Request.
  Time since last request: 126.387975 seconds.
  path: Assets/New Folder
  artifactKey: Guid(c07bacf2ef1d9d442ab96c7862cd6574) Importer(815301076,1909f56bfc062723c751e8b465ee728b)
Start importing Assets/New Folder using Guid(c07bacf2ef1d9d442ab96c7862cd6574) Importer(815301076,1909f56bfc062723c751e8b465ee728b)  -> (artifact id: '6b3bd3142ccd3ed1c903cc95a57ba2f8') in 0.010534 seconds
  Import took 0.016840 seconds .

========================================================================
Received Import Request.
  Time since last request: 57.625800 seconds.
  path: Assets/Reference
  artifactKey: Guid(c07bacf2ef1d9d442ab96c7862cd6574) Importer(815301076,1909f56bfc062723c751e8b465ee728b)
Start importing Assets/Reference using Guid(c07bacf2ef1d9d442ab96c7862cd6574) Importer(815301076,1909f56bfc062723c751e8b465ee728b)  -> (artifact id: 'fe3d93f893ad71f57d0bddc1f0d30579') in 0.008705 seconds
  Import took 0.015599 seconds .

========================================================================
Received Import Request.
  Time since last request: 10.256009 seconds.
  path: Assets/Concept
  artifactKey: Guid(7d1e2f1ad9ba32241a82362c3cd5879a) Importer(815301076,1909f56bfc062723c751e8b465ee728b)
Start importing Assets/Concept using Guid(7d1e2f1ad9ba32241a82362c3cd5879a) Importer(815301076,1909f56bfc062723c751e8b465ee728b)  -> (artifact id: '7f54752ded5d41719eede642f71173e6') in 0.010491 seconds
  Import took 0.017428 seconds .

========================================================================
Received Import Request.
  Time since last request: 8.376013 seconds.
  path: Assets/Concept/Character
  artifactKey: Guid(794b2ec9c7c510d46ac2a458bf1dfeb3) Importer(815301076,1909f56bfc062723c751e8b465ee728b)
Start importing Assets/Concept/Character using Guid(794b2ec9c7c510d46ac2a458bf1dfeb3) Importer(815301076,1909f56bfc062723c751e8b465ee728b)  -> (artifact id: '1073f64d1d08e1c04622212e83cd4198') in 0.010967 seconds
  Import took 0.017259 seconds .

========================================================================
Received Import Request.
  Time since last request: 109.668023 seconds.
  path: Assets/Assets/Models/LOL
  artifactKey: Guid(93953912e1c819e4c93a25342ee7ed14) Importer(815301076,1909f56bfc062723c751e8b465ee728b)
Start importing Assets/Assets/Models/LOL using Guid(93953912e1c819e4c93a25342ee7ed14) Importer(815301076,1909f56bfc062723c751e8b465ee728b)  -> (artifact id: '70f1a63ff958383885feb9e43ebeb7c3') in 0.010191 seconds
  Import took 0.019223 seconds .

========================================================================
Received Import Request.
  Time since last request: 22.201043 seconds.
  path: Assets/Assets/Maya and Blender
  artifactKey: Guid(10625afac0f7c904689575ba0d228347) Importer(815301076,1909f56bfc062723c751e8b465ee728b)
Start importing Assets/Assets/Maya and Blender using Guid(10625afac0f7c904689575ba0d228347) Importer(815301076,1909f56bfc062723c751e8b465ee728b)  -> (artifact id: 'a57d4aceee457021361a22b7d3f0a652') in 0.012004 seconds
  Import took 0.017663 seconds .

========================================================================
Received Import Request.
  Time since last request: 6.050906 seconds.
  path: Assets/Assets/Maya and Blender/Azaria
  artifactKey: Guid(7681a2a426a7fea4683619a0cf09f87f) Importer(815301076,1909f56bfc062723c751e8b465ee728b)
Start importing Assets/Assets/Maya and Blender/Azaria using Guid(7681a2a426a7fea4683619a0cf09f87f) Importer(815301076,1909f56bfc062723c751e8b465ee728b)  -> (artifact id: 'b7f8effd44697e562a85fd8265e8a4d0') in 0.012138 seconds
  Import took 0.018007 seconds .

========================================================================
Received Import Request.
  Time since last request: 7.174756 seconds.
  path: Assets/Assets/Maya and Blender/Kenz
  artifactKey: Guid(2b997b2f0b72eba4b8aef09541cfa9dd) Importer(815301076,1909f56bfc062723c751e8b465ee728b)
Start importing Assets/Assets/Maya and Blender/Kenz using Guid(2b997b2f0b72eba4b8aef09541cfa9dd) Importer(815301076,1909f56bfc062723c751e8b465ee728b)  -> (artifact id: '481554f6173920e201d369752e5bc747') in 0.008776 seconds
  Import took 0.017656 seconds .

========================================================================
Received Import Request.
  Time since last request: 11.833542 seconds.
  path: Assets/Assets/Maya and Blender/Assets
  artifactKey: Guid(ada957557322e6a4583a56cf66e3fa0f) Importer(815301076,1909f56bfc062723c751e8b465ee728b)
Start importing Assets/Assets/Maya and Blender/Assets using Guid(ada957557322e6a4583a56cf66e3fa0f) Importer(815301076,1909f56bfc062723c751e8b465ee728b)  -> (artifact id: 'ce944b5fddafdae6877fab906a172c8a') in 0.009195 seconds
  Import took 0.015656 seconds .

========================================================================
Received Import Request.
  Time since last request: 6.854695 seconds.
  path: Assets/Assets/Maya and Blender/Character
  artifactKey: Guid(7563c485c99b6894b910d3e0417cc3e1) Importer(815301076,1909f56bfc062723c751e8b465ee728b)
Start importing Assets/Assets/Maya and Blender/Character using Guid(7563c485c99b6894b910d3e0417cc3e1) Importer(815301076,1909f56bfc062723c751e8b465ee728b)  -> (artifact id: '7c30ecda8a36478ffb3e134ccadc7bc6') in 0.002361 seconds
  Import took 0.008671 seconds .

========================================================================
Received Import Request.
  Time since last request: 157.099571 seconds.
  path: Assets/Test Material.mat
  artifactKey: Guid(e0b2640e3b4b8c04888229826805436c) Importer(815301076,1909f56bfc062723c751e8b465ee728b)
Start importing Assets/Test Material.mat using Guid(e0b2640e3b4b8c04888229826805436c) Importer(815301076,1909f56bfc062723c751e8b465ee728b)  -> (artifact id: '0b06b2ee2d6b31bdd044ed8173e87c44') in 0.037118 seconds
  Import took 0.044446 seconds .

========================================================================
Received Import Request.
  Time since last request: 28.239422 seconds.
  path: Assets/Prefabs/Glibrado_test.prefab
  artifactKey: Guid(57b27f571ec718a4e8dfb9ddd27a8ad6) Importer(815301076,1909f56bfc062723c751e8b465ee728b)
Start importing Assets/Prefabs/Glibrado_test.prefab using Guid(57b27f571ec718a4e8dfb9ddd27a8ad6) Importer(815301076,1909f56bfc062723c751e8b465ee728b)  -> (artifact id: '01c74b93af0377bbe3e9e33305cc7d2d') in 0.020454 seconds
  Import took 0.029736 seconds .

========================================================================
Received Import Request.
  Time since last request: 78.334784 seconds.
  path: Assets/Assets/Texture
  artifactKey: Guid(6bad7f31540725f41b72bc9ecd87c74f) Importer(815301076,1909f56bfc062723c751e8b465ee728b)
Start importing Assets/Assets/Texture using Guid(6bad7f31540725f41b72bc9ecd87c74f) Importer(815301076,1909f56bfc062723c751e8b465ee728b)  -> (artifact id: 'e957ea46ad77db00b2be80d07c87c21a') in 0.010434 seconds
  Import took 0.016870 seconds .

========================================================================
Received Import Request.
  Time since last request: 100.006630 seconds.
  path: Assets/Assets/Models/Iron Man
  artifactKey: Guid(aac509c6281d3ae4bb1a513ffa1a0d0b) Importer(815301076,1909f56bfc062723c751e8b465ee728b)
Start importing Assets/Assets/Models/Iron Man using Guid(aac509c6281d3ae4bb1a513ffa1a0d0b) Importer(815301076,1909f56bfc062723c751e8b465ee728b)  -> (artifact id: 'e51374db40a45958343789a708764965') in 0.002503 seconds
  Import took 0.008386 seconds .

========================================================================
Received Import Request.
  Time since last request: 23.749268 seconds.
  path: Assets/Assets/Models/New Folder
  artifactKey: Guid(6a0a02a22d616af4fad4cec4f7c46a93) Importer(815301076,1909f56bfc062723c751e8b465ee728b)
Start importing Assets/Assets/Models/New Folder using Guid(6a0a02a22d616af4fad4cec4f7c46a93) Importer(815301076,1909f56bfc062723c751e8b465ee728b)  -> (artifact id: '458fef3125cd6d15f9d0747d444fbdfa') in 0.002660 seconds
  Import took 0.009027 seconds .

========================================================================
Received Import Request.
  Time since last request: 19.992861 seconds.
  path: Assets/UnityOld/UnityURPExampleAssets/Models/Workbench_Low.fbx
  artifactKey: Guid(ff6dc36862fe41641bb21568d92147c9) Importer(815301076,1909f56bfc062723c751e8b465ee728b)
Start importing Assets/UnityOld/UnityURPExampleAssets/Models/Workbench_Low.fbx using Guid(ff6dc36862fe41641bb21568d92147c9) Importer(815301076,1909f56bfc062723c751e8b465ee728b)  -> (artifact id: 'c4eb0e4d0a3ee7830458f7280c3c93a1') in 0.166509 seconds
  Import took 0.172476 seconds .

========================================================================
Received Import Request.
  Time since last request: 0.000151 seconds.
  path: Assets/UnityOld/UnityURPExampleAssets/Models/hammer_low.fbx
  artifactKey: Guid(68a66fb5a71f8204a8dcb613c97d1fa8) Importer(815301076,1909f56bfc062723c751e8b465ee728b)
Start importing Assets/UnityOld/UnityURPExampleAssets/Models/hammer_low.fbx using Guid(68a66fb5a71f8204a8dcb613c97d1fa8) Importer(815301076,1909f56bfc062723c751e8b465ee728b)  -> (artifact id: 'ec2ac6d67e7ebaa25c5c2f48b9adbfd9') in 0.048962 seconds
  Import took 0.053882 seconds .

========================================================================
Received Import Request.
  Time since last request: 0.000149 seconds.
  path: Assets/UnityOld/UnityURPExampleAssets/Models/safetygoggles_low.fbx
  artifactKey: Guid(6296e48663fd7ad46b1a2af507f871cf) Importer(815301076,1909f56bfc062723c751e8b465ee728b)
Start importing Assets/UnityOld/UnityURPExampleAssets/Models/safetygoggles_low.fbx using Guid(6296e48663fd7ad46b1a2af507f871cf) Importer(815301076,1909f56bfc062723c751e8b465ee728b)  -> (artifact id: '00c2c9955d292e6848cd4092a28f454e') in 0.074510 seconds
  Import took 0.081008 seconds .

========================================================================
Received Import Request.
  Time since last request: 0.000152 seconds.
  path: Assets/UnityOld/UnityURPExampleAssets/Models/Stud.fbx
  artifactKey: Guid(34624edaccd9d704a95ed404d919b492) Importer(815301076,1909f56bfc062723c751e8b465ee728b)
Start importing Assets/UnityOld/UnityURPExampleAssets/Models/Stud.fbx using Guid(34624edaccd9d704a95ed404d919b492) Importer(815301076,1909f56bfc062723c751e8b465ee728b)  -> (artifact id: '0f3502465cfb055ecee02f63fec1a0d3') in 0.056809 seconds
  Import took 0.064518 seconds .

========================================================================
Received Import Request.
  Time since last request: 0.000187 seconds.
  path: Assets/UnityOld/UnityURPExampleAssets/Models/jigsaw_low.fbx
  artifactKey: Guid(8b73e8872ca76104bbca4ee2b704a1b4) Importer(815301076,1909f56bfc062723c751e8b465ee728b)
Start importing Assets/UnityOld/UnityURPExampleAssets/Models/jigsaw_low.fbx using Guid(8b73e8872ca76104bbca4ee2b704a1b4) Importer(815301076,1909f56bfc062723c751e8b465ee728b)  -> (artifact id: 'cdf940de75045ce2081e34b6460d0ba8') in 0.046747 seconds
  Import took 0.052357 seconds .

========================================================================
Received Import Request.
  Time since last request: 0.000161 seconds.
  path: Assets/UnityOld/UnityURPExampleAssets/Models/magneticlevel_low.fbx
  artifactKey: Guid(bae110eee250e4b418b188f4ae4e3170) Importer(815301076,1909f56bfc062723c751e8b465ee728b)
Start importing Assets/UnityOld/UnityURPExampleAssets/Models/magneticlevel_low.fbx using Guid(bae110eee250e4b418b188f4ae4e3170) Importer(815301076,1909f56bfc062723c751e8b465ee728b)  -> (artifact id: '15e7db89c0826919f8bf712775723bb1') in 0.062696 seconds
  Import took 0.067585 seconds .

========================================================================
Received Import Request.
  Time since last request: 0.000220 seconds.
  path: Assets/UnityOld/UnityURPExampleAssets/Models/paintbucket_low.fbx
  artifactKey: Guid(b451a052397f03c4f8a04d915d1c0492) Importer(815301076,1909f56bfc062723c751e8b465ee728b)
Start importing Assets/UnityOld/UnityURPExampleAssets/Models/paintbucket_low.fbx using Guid(b451a052397f03c4f8a04d915d1c0492) Importer(815301076,1909f56bfc062723c751e8b465ee728b)  -> (artifact id: '76d8c360e5397a218de193548093d48b') in 0.096902 seconds
  Import took 0.103653 seconds .

========================================================================
Received Import Request.
  Time since last request: 0.000162 seconds.
  path: Assets/UnityOld/UnityURPExampleAssets/Models/Workshop_Set.fbx
  artifactKey: Guid(47616bd0cda748d4cbedcfc908506b9d) Importer(815301076,1909f56bfc062723c751e8b465ee728b)
Start importing Assets/UnityOld/UnityURPExampleAssets/Models/Workshop_Set.fbx using Guid(47616bd0cda748d4cbedcfc908506b9d) Importer(815301076,1909f56bfc062723c751e8b465ee728b)  -> (artifact id: 'deb490a67321421e2b013ac076fafda0') in 0.151595 seconds
  Import took 0.156896 seconds .

========================================================================
Received Import Request.
  Time since last request: 0.000163 seconds.
  path: Assets/UnityOld/UnityURPExampleAssets/Models/ConstructionLight_Low.fbx
  artifactKey: Guid(e3ae06a3979f53046aa05330d69de1fa) Importer(815301076,1909f56bfc062723c751e8b465ee728b)
Start importing Assets/UnityOld/UnityURPExampleAssets/Models/ConstructionLight_Low.fbx using Guid(e3ae06a3979f53046aa05330d69de1fa) Importer(815301076,1909f56bfc062723c751e8b465ee728b)  -> (artifact id: 'c835de579a5cc949c16dccf3c895795e') in 0.094444 seconds
  Import took 0.098826 seconds .

========================================================================
Received Import Request.
  Time since last request: 0.000172 seconds.
  path: Assets/UnityOld/UnityURPExampleAssets/Models/Workbench.fbx
  artifactKey: Guid(efe9381559c516743bd05cef82f39ebb) Importer(815301076,1909f56bfc062723c751e8b465ee728b)
Start importing Assets/UnityOld/UnityURPExampleAssets/Models/Workbench.fbx using Guid(efe9381559c516743bd05cef82f39ebb) Importer(815301076,1909f56bfc062723c751e8b465ee728b)  -> (artifact id: 'c4f2a3d51a5029229f41ca39fec6824a') in 0.154522 seconds
  Import took 0.159326 seconds .

========================================================================
Received Import Request.
  Time since last request: 0.000182 seconds.
  path: Assets/UnityOld/UnityURPExampleAssets/Models/brush_low.fbx
  artifactKey: Guid(aed8c47425ab91f4eb06ce6fe47c3e4e) Importer(815301076,1909f56bfc062723c751e8b465ee728b)
Start importing Assets/UnityOld/UnityURPExampleAssets/Models/brush_low.fbx using Guid(aed8c47425ab91f4eb06ce6fe47c3e4e) Importer(815301076,1909f56bfc062723c751e8b465ee728b)  -> (artifact id: '46d6f909d455d42068be78ea8de3e7f1') in 0.056953 seconds
  Import took 0.062755 seconds .

========================================================================
Received Import Request.
  Time since last request: 0.000164 seconds.
  path: Assets/UnityOld/UnityURPExampleAssets/Models/Workbench_Low.fbx
  artifactKey: Guid(ff6dc36862fe41641bb21568d92147c9) Importer(815301076,1909f56bfc062723c751e8b465ee728b)
Start importing Assets/UnityOld/UnityURPExampleAssets/Models/Workbench_Low.fbx using Guid(ff6dc36862fe41641bb21568d92147c9) Importer(815301076,1909f56bfc062723c751e8b465ee728b)  -> (artifact id: 'c4eb0e4d0a3ee7830458f7280c3c93a1') in 0.163434 seconds
  Import took 0.169140 seconds .

========================================================================
Received Import Request.
  Time since last request: 0.000344 seconds.
  path: Assets/UnityOld/UnityURPExampleAssets/Models/small_plane.fbx
  artifactKey: Guid(aeaee610429f51f44981e141eb2a3545) Importer(815301076,1909f56bfc062723c751e8b465ee728b)
Start importing Assets/UnityOld/UnityURPExampleAssets/Models/small_plane.fbx using Guid(aeaee610429f51f44981e141eb2a3545) Importer(815301076,1909f56bfc062723c751e8b465ee728b)  -> (artifact id: '9caeb88ae17a3651857de57ce657e2f5') in 0.064836 seconds
  Import took 0.073927 seconds .

========================================================================
Received Import Request.
  Time since last request: 0.239666 seconds.
  path: Assets/UnityOld/UnityURPExampleAssets/Models/safetyhat_low.fbx
  artifactKey: Guid(9d0d902f71acfe646a46cb625f815a49) Importer(815301076,1909f56bfc062723c751e8b465ee728b)
Start importing Assets/UnityOld/UnityURPExampleAssets/Models/safetyhat_low.fbx using Guid(9d0d902f71acfe646a46cb625f815a49) Importer(815301076,1909f56bfc062723c751e8b465ee728b)  -> (artifact id: '496fcaef328f7c8e85c5ea34f0dffcc2') in 0.049909 seconds
  Import took 0.055513 seconds .

========================================================================
Received Import Request.
  Time since last request: 3.288132 seconds.
  path: Assets/Assets/Models/New Folder/Iron Man.fbx
  artifactKey: Guid(f8ad17046c6112e4695f7cdb4e8a82e3) Importer(815301076,1909f56bfc062723c751e8b465ee728b)
Start importing Assets/Assets/Models/New Folder/Iron Man.fbx using Guid(f8ad17046c6112e4695f7cdb4e8a82e3) Importer(815301076,1909f56bfc062723c751e8b465ee728b)  -> (artifact id: 'e812ed821ab13300bd4305c005a3c403') in 0.985490 seconds
  Import took 0.992992 seconds .

========================================================================
Received Import Request.
  Time since last request: 106.587291 seconds.
  path: Assets/Assets/Models/Character
  artifactKey: Guid(1909ed4fee471d742b5d2c50933a06c2) Importer(815301076,1909f56bfc062723c751e8b465ee728b)
Start importing Assets/Assets/Models/Character using Guid(1909ed4fee471d742b5d2c50933a06c2) Importer(815301076,1909f56bfc062723c751e8b465ee728b)  -> (artifact id: '6df24145eaba4d408f1fd5b2328176db') in 0.005133 seconds
  Import took 0.010871 seconds .

========================================================================
Received Import Request.
  Time since last request: 3.389440 seconds.
  path: Assets/Assets/Models/Characters
  artifactKey: Guid(1909ed4fee471d742b5d2c50933a06c2) Importer(815301076,1909f56bfc062723c751e8b465ee728b)
Start importing Assets/Assets/Models/Characters using Guid(1909ed4fee471d742b5d2c50933a06c2) Importer(815301076,1909f56bfc062723c751e8b465ee728b)  -> (artifact id: 'f3c41fe35169ada9522d30b5c4fae2e9') in 0.010020 seconds
  Import took 0.016576 seconds .

========================================================================
Received Import Request.
  Time since last request: 9.662375 seconds.
  path: Assets/Assets/Models/Envoirnment
  artifactKey: Guid(443c7062c61be1a408f9e36df2472232) Importer(815301076,1909f56bfc062723c751e8b465ee728b)
Start importing Assets/Assets/Models/Envoirnment using Guid(443c7062c61be1a408f9e36df2472232) Importer(815301076,1909f56bfc062723c751e8b465ee728b)  -> (artifact id: '6041226bfc51869df95d59acfa6e5486') in 0.008732 seconds
  Import took 0.016624 seconds .

========================================================================
Received Import Request.
  Time since last request: 0.000496 seconds.
  path: Assets/Assets/Models/Envoirnment
  artifactKey: Guid(443c7062c61be1a408f9e36df2472232) Importer(815301076,1909f56bfc062723c751e8b465ee728b)
Start importing Assets/Assets/Models/Envoirnment using Guid(443c7062c61be1a408f9e36df2472232) Importer(815301076,1909f56bfc062723c751e8b465ee728b)  -> (artifact id: '6041226bfc51869df95d59acfa6e5486') in 0.002364 seconds
  Import took 0.008637 seconds .

========================================================================
Received Import Request.
  Time since last request: 22.482347 seconds.
  path: Assets/Assets/Models/Environment
  artifactKey: Guid(443c7062c61be1a408f9e36df2472232) Importer(815301076,1909f56bfc062723c751e8b465ee728b)
Start importing Assets/Assets/Models/Environment using Guid(443c7062c61be1a408f9e36df2472232) Importer(815301076,1909f56bfc062723c751e8b465ee728b)  -> (artifact id: '2e30f51e4a3c904430ec4669c386e520') in 0.008190 seconds
  Import took 0.015040 seconds .

========================================================================
Received Import Request.
  Time since last request: 4.674687 seconds.
  path: Assets/Assets/Meshes
  artifactKey: Guid(a1baf8fc84f7a5846b5608f42da94e2c) Importer(815301076,1909f56bfc062723c751e8b465ee728b)
Start importing Assets/Assets/Meshes using Guid(a1baf8fc84f7a5846b5608f42da94e2c) Importer(815301076,1909f56bfc062723c751e8b465ee728b)  -> (artifact id: '571eca94cb536bb1793200264fcc2424') in 0.009563 seconds
  Import took 0.015165 seconds .

========================================================================
Received Import Request.
  Time since last request: 4.181983 seconds.
  path: Assets/Assets/Textures
  artifactKey: Guid(6bad7f31540725f41b72bc9ecd87c74f) Importer(815301076,1909f56bfc062723c751e8b465ee728b)
Start importing Assets/Assets/Textures using Guid(6bad7f31540725f41b72bc9ecd87c74f) Importer(815301076,1909f56bfc062723c751e8b465ee728b)  -> (artifact id: 'cfc3f06ef9804c2c11dd34e78f6ac735') in 0.010062 seconds
  Import took 0.017199 seconds .

========================================================================
Received Import Request.
  Time since last request: 1.725053 seconds.
  path: Assets/Assets/Shaders
  artifactKey: Guid(e14766797c2891d4eb1f821eff713568) Importer(815301076,1909f56bfc062723c751e8b465ee728b)
Start importing Assets/Assets/Shaders using Guid(e14766797c2891d4eb1f821eff713568) Importer(815301076,1909f56bfc062723c751e8b465ee728b)  -> (artifact id: '46e83cd2f432fa4661e6ec7b8d66f981') in 0.007448 seconds
  Import took 0.016034 seconds .

AssetImportWorkerClient::OnTransportError - code=2 error=End of file
