Using pre-set license
Built from '2020.3/staging' branch; Version is '2020.3.6f1 (338bb68529b2) revision 3378102'; Using compiler version '192528614'; Build Type 'Release'
OS: 'Windows 10 Home; OS build 19041.928; Version 2004; 64bit' Language: 'en' Physical Memory: 16332 MB
BatchMode: 1, IsHumanControllingUs: 0, StartBugReporterOnCrash: 0, Is64bit: 1, IsPro: 0

 COMMAND LINE ARGUMENTS:
C:\Program Files\Unity\Hub\Editor\2020.3.6f1\Editor\Unity.exe
-adb2
-batchMode
-noUpm
-name
AssetImportWorker0
-projectPath
C:/Users/Sniper Link/Desktop/GameXUnity
-logFile
Logs/AssetImportWorker0.log
-srvPort
57559
Successfully changed project path to: C:/Users/Sniper Link/Desktop/GameXUnity
C:/Users/Sniper Link/Desktop/GameXUnity
Using Asset Import Pipeline V2.
Refreshing native plugins compatible for Editor in 48.94 ms, found 0 plugins.
Preloading 0 native plugins for Editor in 0.00 ms.
Initialize engine version: 2020.3.6f1 (338bb68529b2)
[Subsystems] Discovering subsystems at path C:/Program Files/Unity/Hub/Editor/2020.3.6f1/Editor/Data/Resources/UnitySubsystems
[Subsystems] Discovering subsystems at path C:/Users/Sniper Link/Desktop/GameXUnity/Assets
GfxDevice: creating device client; threaded=0
Direct3D:
    Version:  Direct3D 11.0 [level 11.1]
    Renderer: NVIDIA GeForce GTX 1060 6GB (ID=0x1c03)
    Vendor:   
    VRAM:     6052 MB
    Driver:   27.21.14.6611
Shader 'Universal Render Pipeline/Particles/Lit': fallback shader 'Universal Render Pipeline/Particles/SimpleLit' not found
Initialize mono
Mono path[0] = 'C:/Program Files/Unity/Hub/Editor/2020.3.6f1/Editor/Data/Managed'
Mono path[1] = 'C:/Program Files/Unity/Hub/Editor/2020.3.6f1/Editor/Data/MonoBleedingEdge/lib/mono/unityjit'
Mono config path = 'C:/Program Files/Unity/Hub/Editor/2020.3.6f1/Editor/Data/MonoBleedingEdge/etc'
Using monoOptions --debugger-agent=transport=dt_socket,embedding=1,server=y,suspend=n,address=127.0.0.1:56404
Begin MonoManager ReloadAssembly
Registering precompiled unity dll's ...
Register platform support module: C:/Program Files/Unity/Hub/Editor/2020.3.6f1/Editor/Data/PlaybackEngines/WindowsStandaloneSupport/UnityEditor.WindowsStandalone.Extensions.dll
Registered in 0.001569 seconds.
Native extension for WindowsStandalone target not found
Refreshing native plugins compatible for Editor in 47.90 ms, found 0 plugins.
Preloading 0 native plugins for Editor in 0.00 ms.
Mono: successfully reloaded assembly
- Completed reload, in  1.809 seconds
Platform modules already initialized, skipping
Registering precompiled user dll's ...
Registered in 0.001125 seconds.
Begin MonoManager ReloadAssembly
Native extension for WindowsStandalone target not found
Refreshing native plugins compatible for Editor in 43.02 ms, found 0 plugins.
Preloading 0 native plugins for Editor in 0.00 ms.
Mono: successfully reloaded assembly
- Completed reload, in  1.078 seconds
Platform modules already initialized, skipping
========================================================================
Worker process is ready to serve import requests
Shader 'Universal Render Pipeline/Particles/Lit': fallback shader 'Universal Render Pipeline/Particles/SimpleLit' not found
Launched and connected shader compiler UnityShaderCompiler.exe after 0.04 seconds
Refreshing native plugins compatible for Editor in 0.41 ms, found 0 plugins.
Preloading 0 native plugins for Editor in 0.00 ms.
Unloading 2420 Unused Serialized files (Serialized files now loaded: 0)
System memory in use before: 115.9 MB.
System memory in use after: 116.1 MB.

Unloading 10 unused Assets to reduce memory usage. Loaded Objects now: 2861.
Total: 2.040700 ms (FindLiveObjects: 0.230300 ms CreateObjectMapping: 0.094400 ms MarkObjects: 1.648600 ms  DeleteObjects: 0.066500 ms)

========================================================================
Received Import Request.
  path: Assets/Readme.asset
  artifactKey: Guid(83c2ed844a8c74b779a4c823d16594b1) Importer(815301076,1909f56bfc062723c751e8b465ee728b)
Start importing Assets/Readme.asset using Guid(83c2ed844a8c74b779a4c823d16594b1) Importer(815301076,1909f56bfc062723c751e8b465ee728b)  -> (artifact id: '814f4bbac30b11d82d56288dbf454709') in 0.036043 seconds
  Import took 0.040259 seconds .

========================================================================
Received Import Request.
  Time since last request: 2.325799 seconds.
  path: Assets/TutorialInfo
  artifactKey: Guid(49110bb8dcada46328ad741970bce702) Importer(815301076,1909f56bfc062723c751e8b465ee728b)
Start importing Assets/TutorialInfo using Guid(49110bb8dcada46328ad741970bce702) Importer(815301076,1909f56bfc062723c751e8b465ee728b)  -> (artifact id: 'fb2e593c6b130e6f0715e6987ff29b8b') in 0.006651 seconds
  Import took 0.010578 seconds .

========================================================================
Received Import Request.
  Time since last request: 0.003935 seconds.
  path: Assets/TutorialInfo
  artifactKey: Guid(49110bb8dcada46328ad741970bce702) Importer(815301076,1909f56bfc062723c751e8b465ee728b)
Start importing Assets/TutorialInfo using Guid(49110bb8dcada46328ad741970bce702) Importer(815301076,1909f56bfc062723c751e8b465ee728b)  -> (artifact id: 'fb2e593c6b130e6f0715e6987ff29b8b') in 0.001804 seconds
  Import took 0.006811 seconds .

========================================================================
Received Import Request.
  Time since last request: 0.759825 seconds.
  path: Assets/Scripts
  artifactKey: Guid(02a3527b6b33a924e8ec66aa805ea717) Importer(815301076,1909f56bfc062723c751e8b465ee728b)
Start importing Assets/Scripts using Guid(02a3527b6b33a924e8ec66aa805ea717) Importer(815301076,1909f56bfc062723c751e8b465ee728b)  -> (artifact id: 'e142a3608dcb723460810619afb5b0d1') in 0.005548 seconds
  Import took 0.009214 seconds .

========================================================================
Received Import Request.
  Time since last request: 0.468089 seconds.
  path: Assets/ExampleAssets
  artifactKey: Guid(990f5c2df70993f4987a388ca178996a) Importer(815301076,1909f56bfc062723c751e8b465ee728b)
Start importing Assets/ExampleAssets using Guid(990f5c2df70993f4987a388ca178996a) Importer(815301076,1909f56bfc062723c751e8b465ee728b)  -> (artifact id: 'c99717b9963cd5c33e50d4976e0f47f3') in 0.006795 seconds
  Import took 0.010642 seconds .

========================================================================
Received Import Request.
  Time since last request: 6.369309 seconds.
  path: Assets/Settings
  artifactKey: Guid(0735c275001a2c84dafdb30deced5d8d) Importer(815301076,1909f56bfc062723c751e8b465ee728b)
Start importing Assets/Settings using Guid(0735c275001a2c84dafdb30deced5d8d) Importer(815301076,1909f56bfc062723c751e8b465ee728b)  -> (artifact id: '90f3ba550f0c69469760a640cbbc75a7') in 0.006302 seconds
  Import took 0.010981 seconds .

========================================================================
Received Import Request.
  Time since last request: 0.101413 seconds.
  path: Assets/Settings/ForwardRenderer.asset
  artifactKey: Guid(4a8e21d5c33334b11b34a596161b9360) Importer(815301076,1909f56bfc062723c751e8b465ee728b)
Start importing Assets/Settings/ForwardRenderer.asset using Guid(4a8e21d5c33334b11b34a596161b9360) Importer(815301076,1909f56bfc062723c751e8b465ee728b)  -> (artifact id: 'e1a181d575f05e192d89693fc4d0410a') in 0.020228 seconds
  Import took 0.025605 seconds .

========================================================================
Received Import Request.
  Time since last request: 0.000226 seconds.
  path: Assets/Settings/SampleSceneProfile.asset
  artifactKey: Guid(10fc4df2da32a41aaa32d77bc913491c) Importer(815301076,1909f56bfc062723c751e8b465ee728b)
Start importing Assets/Settings/SampleSceneProfile.asset using Guid(10fc4df2da32a41aaa32d77bc913491c) Importer(815301076,1909f56bfc062723c751e8b465ee728b)  -> (artifact id: 'beca48ea7e75c3c11887510e7bee275f') in 0.021459 seconds
  Import took 0.025663 seconds .

========================================================================
Received Import Request.
  Time since last request: 0.000231 seconds.
  path: Assets/Settings/UniversalRP-LowQuality.asset
  artifactKey: Guid(a31e9f9f9c9d4b9429ed0d1234e22103) Importer(815301076,1909f56bfc062723c751e8b465ee728b)
Start importing Assets/Settings/UniversalRP-LowQuality.asset using Guid(a31e9f9f9c9d4b9429ed0d1234e22103) Importer(815301076,1909f56bfc062723c751e8b465ee728b)  -> (artifact id: '54e717e3ad49f92d5c143ad06cb54e51') in 0.009768 seconds
  Import took 0.013923 seconds .

========================================================================
Received Import Request.
  Time since last request: 0.000229 seconds.
  path: Assets/Settings/UniversalRP-MediumQuality.asset
  artifactKey: Guid(d847b876476d3d6468f5dfcd34266f96) Importer(815301076,1909f56bfc062723c751e8b465ee728b)
Start importing Assets/Settings/UniversalRP-MediumQuality.asset using Guid(d847b876476d3d6468f5dfcd34266f96) Importer(815301076,1909f56bfc062723c751e8b465ee728b)  -> (artifact id: 'a0019759b8cd4b2e57cd60ee22564ca8') in 0.008811 seconds
  Import took 0.013023 seconds .

========================================================================
Received Import Request.
  Time since last request: 0.000205 seconds.
  path: Assets/Settings/UniversalRP-HighQuality.asset
  artifactKey: Guid(19ba41d7c0026c3459d37c2fe90c55a0) Importer(815301076,1909f56bfc062723c751e8b465ee728b)
Start importing Assets/Settings/UniversalRP-HighQuality.asset using Guid(19ba41d7c0026c3459d37c2fe90c55a0) Importer(815301076,1909f56bfc062723c751e8b465ee728b)  -> (artifact id: '32413ca2bc47191ef65ca78d11f7072f') in 0.007553 seconds
  Import took 0.011606 seconds .

========================================================================
Received Prepare
Registering precompiled user dll's ...
Registered in 0.001225 seconds.
Begin MonoManager ReloadAssembly
Native extension for WindowsStandalone target not found
Refreshing native plugins compatible for Editor in 0.51 ms, found 0 plugins.
Preloading 0 native plugins for Editor in 0.00 ms.
Mono: successfully reloaded assembly
- Completed reload, in  0.951 seconds
Platform modules already initialized, skipping
Shader 'Universal Render Pipeline/Particles/Lit': fallback shader 'Universal Render Pipeline/Particles/SimpleLit' not found
Refreshing native plugins compatible for Editor in 0.47 ms, found 0 plugins.
Preloading 0 native plugins for Editor in 0.00 ms.
Unloading 2311 Unused Serialized files (Serialized files now loaded: 0)
System memory in use before: 109.0 MB.
System memory in use after: 109.2 MB.

Unloading 6 unused Assets to reduce memory usage. Loaded Objects now: 2865.
Total: 2.347400 ms (FindLiveObjects: 0.218500 ms CreateObjectMapping: 0.113800 ms MarkObjects: 1.983700 ms  DeleteObjects: 0.030600 ms)

========================================================================
Received Import Request.
  Time since last request: 13.508884 seconds.
  path: Assets/Materials
  artifactKey: Guid(d0234ba368eeec9418390da711bfdad0) Importer(815301076,1909f56bfc062723c751e8b465ee728b)
Start importing Assets/Materials using Guid(d0234ba368eeec9418390da711bfdad0) Importer(815301076,1909f56bfc062723c751e8b465ee728b)  -> (artifact id: 'a9e86b00031a48530f0f1fda4c0868a2') in 0.009547 seconds
  Import took 0.013758 seconds .

========================================================================
Received Prepare
Registering precompiled user dll's ...
Registered in 0.001185 seconds.
Begin MonoManager ReloadAssembly
Native extension for WindowsStandalone target not found
Refreshing native plugins compatible for Editor in 0.43 ms, found 0 plugins.
Preloading 0 native plugins for Editor in 0.00 ms.
Mono: successfully reloaded assembly
- Completed reload, in  0.957 seconds
Platform modules already initialized, skipping
Shader 'Universal Render Pipeline/Particles/Lit': fallback shader 'Universal Render Pipeline/Particles/SimpleLit' not found
Refreshing native plugins compatible for Editor in 0.49 ms, found 0 plugins.
Preloading 0 native plugins for Editor in 0.00 ms.
Unloading 2308 Unused Serialized files (Serialized files now loaded: 0)
System memory in use before: 109.0 MB.
System memory in use after: 109.2 MB.

Unloading 6 unused Assets to reduce memory usage. Loaded Objects now: 2867.
Total: 3.056400 ms (FindLiveObjects: 0.293100 ms CreateObjectMapping: 0.212000 ms MarkObjects: 2.531100 ms  DeleteObjects: 0.019200 ms)

========================================================================
Received Import Request.
  Time since last request: 9.318373 seconds.
  path: Assets/ExampleAssets/Materials
  artifactKey: Guid(ffd318dbb37362c4f8d87863d082b2fd) Importer(815301076,1909f56bfc062723c751e8b465ee728b)
Start importing Assets/ExampleAssets/Materials using Guid(ffd318dbb37362c4f8d87863d082b2fd) Importer(815301076,1909f56bfc062723c751e8b465ee728b)  -> (artifact id: 'b9d1151a4822ee4c415b9ffcb5629a46') in 0.005545 seconds
  Import took 0.009483 seconds .

========================================================================
Received Import Request.
  Time since last request: 1.483647 seconds.
  path: Assets/ExampleAssets/Materials/ConstructionLight_Mat.mat
  artifactKey: Guid(49076442eeb7e054b8e8869f8b40656d) Importer(815301076,1909f56bfc062723c751e8b465ee728b)
Start importing Assets/ExampleAssets/Materials/ConstructionLight_Mat.mat using Guid(49076442eeb7e054b8e8869f8b40656d) Importer(815301076,1909f56bfc062723c751e8b465ee728b)  -> (artifact id: '80b18166d0accf176db96d5c5dd627e4') in 0.594241 seconds
  Import took 0.599453 seconds .

========================================================================
Received Import Request.
  Time since last request: 0.000200 seconds.
  path: Assets/ExampleAssets/Materials/DryWall_Mat.mat
  artifactKey: Guid(a68228c24abfa2f4b8954d7b0148f799) Importer(815301076,1909f56bfc062723c751e8b465ee728b)
Start importing Assets/ExampleAssets/Materials/DryWall_Mat.mat using Guid(a68228c24abfa2f4b8954d7b0148f799) Importer(815301076,1909f56bfc062723c751e8b465ee728b)  -> (artifact id: 'd8291c9e6eed1fff5820c6baf877e647') in 0.459449 seconds
  Import took 0.463475 seconds .

========================================================================
Received Import Request.
  Time since last request: 0.000204 seconds.
  path: Assets/ExampleAssets/Materials/Strap_Mat.mat
  artifactKey: Guid(81c1860e7800e5340bf8a54c565ba9ea) Importer(815301076,1909f56bfc062723c751e8b465ee728b)
Start importing Assets/ExampleAssets/Materials/Strap_Mat.mat using Guid(81c1860e7800e5340bf8a54c565ba9ea) Importer(815301076,1909f56bfc062723c751e8b465ee728b)  -> (artifact id: 'f811c85e2d1658832c722db7bfda6b31') in 0.300427 seconds
  Import took 0.303773 seconds .

========================================================================
Received Import Request.
  Time since last request: 0.000171 seconds.
  path: Assets/ExampleAssets/Materials/Plastic_Rough_Mat.mat
  artifactKey: Guid(a5aaee4111611af43b5abbff184fe5fa) Importer(815301076,1909f56bfc062723c751e8b465ee728b)
Start importing Assets/ExampleAssets/Materials/Plastic_Rough_Mat.mat using Guid(a5aaee4111611af43b5abbff184fe5fa) Importer(815301076,1909f56bfc062723c751e8b465ee728b)  -> (artifact id: '20cdaf8d6721b5bb535a3cd53d6f794a') in 0.015973 seconds
  Import took 0.020945 seconds .

========================================================================
Received Import Request.
  Time since last request: 0.000243 seconds.
  path: Assets/ExampleAssets/Materials/Ground_Mat.mat
  artifactKey: Guid(d92ef32394b5f474385d74b565a7bdd7) Importer(815301076,1909f56bfc062723c751e8b465ee728b)
Start importing Assets/ExampleAssets/Materials/Ground_Mat.mat using Guid(d92ef32394b5f474385d74b565a7bdd7) Importer(815301076,1909f56bfc062723c751e8b465ee728b)  -> (artifact id: '85f86eff762a6b2ef6bc6a0637fb68f7') in 0.016115 seconds
  Import took 0.020632 seconds .

========================================================================
Received Import Request.
  Time since last request: 0.000222 seconds.
  path: Assets/ExampleAssets/Materials/Metal_Simple_Mat.mat
  artifactKey: Guid(a0427cf339e5891468d5f2b433b2d44a) Importer(815301076,1909f56bfc062723c751e8b465ee728b)
Start importing Assets/ExampleAssets/Materials/Metal_Simple_Mat.mat using Guid(a0427cf339e5891468d5f2b433b2d44a) Importer(815301076,1909f56bfc062723c751e8b465ee728b)  -> (artifact id: '24e7249725a037f8eae817f0cf048ab3') in 0.284979 seconds
  Import took 0.289262 seconds .

========================================================================
Received Import Request.
  Time since last request: 0.000197 seconds.
  path: Assets/ExampleAssets/Materials/Plastic_Transparent.mat
  artifactKey: Guid(8a38b7350df9a9c438e568993a00e5c5) Importer(815301076,1909f56bfc062723c751e8b465ee728b)
Start importing Assets/ExampleAssets/Materials/Plastic_Transparent.mat using Guid(8a38b7350df9a9c438e568993a00e5c5) Importer(815301076,1909f56bfc062723c751e8b465ee728b)  -> (artifact id: 'e8be8dd581a2ea953f1d279949e69214') in 0.258615 seconds
  Import took 0.262310 seconds .

========================================================================
Received Import Request.
  Time since last request: 0.000233 seconds.
  path: Assets/ExampleAssets/Materials/Jigsaw_Mat.mat
  artifactKey: Guid(801db2d997a562b4ea333aa4593ce0f0) Importer(815301076,1909f56bfc062723c751e8b465ee728b)
Start importing Assets/ExampleAssets/Materials/Jigsaw_Mat.mat using Guid(801db2d997a562b4ea333aa4593ce0f0) Importer(815301076,1909f56bfc062723c751e8b465ee728b)  -> (artifact id: '0736c94d3949436d1f350cf19009cf11') in 0.013632 seconds
  Import took 0.017810 seconds .

========================================================================
Received Import Request.
  Time since last request: 0.000207 seconds.
  path: Assets/ExampleAssets/Materials/Hammer_Mat.mat
  artifactKey: Guid(4efcffd7ae23f1e41943fd914b18da10) Importer(815301076,1909f56bfc062723c751e8b465ee728b)
Start importing Assets/ExampleAssets/Materials/Hammer_Mat.mat using Guid(4efcffd7ae23f1e41943fd914b18da10) Importer(815301076,1909f56bfc062723c751e8b465ee728b)  -> (artifact id: '4aa0377e4c01d0b3382418e595f2108c') in 0.018175 seconds
  Import took 0.022940 seconds .

========================================================================
Received Import Request.
  Time since last request: 0.000197 seconds.
  path: Assets/ExampleAssets/Materials/Plastic_Yellow_Mat.mat
  artifactKey: Guid(bd2d742ee2ce7a740ae0cf992a38be74) Importer(815301076,1909f56bfc062723c751e8b465ee728b)
Start importing Assets/ExampleAssets/Materials/Plastic_Yellow_Mat.mat using Guid(bd2d742ee2ce7a740ae0cf992a38be74) Importer(815301076,1909f56bfc062723c751e8b465ee728b)  -> (artifact id: '3e89c860e868522dba9335177b6495c2') in 0.012956 seconds
  Import took 0.017858 seconds .

========================================================================
Received Import Request.
  Time since last request: 0.000245 seconds.
  path: Assets/ExampleAssets/Materials/Plastic_Gray_Mat.mat
  artifactKey: Guid(4dad30bbe2213eb4d8312f7bb6190866) Importer(815301076,1909f56bfc062723c751e8b465ee728b)
Start importing Assets/ExampleAssets/Materials/Plastic_Gray_Mat.mat using Guid(4dad30bbe2213eb4d8312f7bb6190866) Importer(815301076,1909f56bfc062723c751e8b465ee728b)  -> (artifact id: '3076c71569699eb45e3d18c26d8769ed') in 0.017807 seconds
  Import took 0.022679 seconds .

========================================================================
Received Import Request.
  Time since last request: 0.000185 seconds.
  path: Assets/ExampleAssets/Materials/PaintLabel_Mat.mat
  artifactKey: Guid(3da4aad06945bbf4baf801c2aacbc01e) Importer(815301076,1909f56bfc062723c751e8b465ee728b)
Start importing Assets/ExampleAssets/Materials/PaintLabel_Mat.mat using Guid(3da4aad06945bbf4baf801c2aacbc01e) Importer(815301076,1909f56bfc062723c751e8b465ee728b)  -> (artifact id: '4a922173678826543b2fb1fdcde9eb58') in 0.269111 seconds
  Import took 0.272731 seconds .

========================================================================
Received Import Request.
  Time since last request: 0.000213 seconds.
  path: Assets/ExampleAssets/Materials/LightBulb_Mat.mat
  artifactKey: Guid(ec739259ec61f5d4ba3ed6d34fd802a6) Importer(815301076,1909f56bfc062723c751e8b465ee728b)
Start importing Assets/ExampleAssets/Materials/LightBulb_Mat.mat using Guid(ec739259ec61f5d4ba3ed6d34fd802a6) Importer(815301076,1909f56bfc062723c751e8b465ee728b)  -> (artifact id: 'ba4fe7e30508d9dbd0f7530165e66ad0') in 0.313927 seconds
  Import took 0.317688 seconds .

========================================================================
Received Import Request.
  Time since last request: 0.000215 seconds.
  path: Assets/ExampleAssets/Materials/HardHat_Mat.mat
  artifactKey: Guid(e93789f0a5d66df4a81613935579642b) Importer(815301076,1909f56bfc062723c751e8b465ee728b)
Start importing Assets/ExampleAssets/Materials/HardHat_Mat.mat using Guid(e93789f0a5d66df4a81613935579642b) Importer(815301076,1909f56bfc062723c751e8b465ee728b)  -> (artifact id: 'd7ffcf121d3388caee8062b8c6bf6299') in 0.013470 seconds
  Import took 0.016931 seconds .

========================================================================
Received Import Request.
  Time since last request: 0.000215 seconds.
  path: Assets/ExampleAssets/Materials/Plastic_Black_Mat.mat
  artifactKey: Guid(e745492728544aa488aa0429b6068e71) Importer(815301076,1909f56bfc062723c751e8b465ee728b)
Start importing Assets/ExampleAssets/Materials/Plastic_Black_Mat.mat using Guid(e745492728544aa488aa0429b6068e71) Importer(815301076,1909f56bfc062723c751e8b465ee728b)  -> (artifact id: '0d34942a0f1cc1094e12a01a8821557f') in 0.015281 seconds
  Import took 0.020445 seconds .

========================================================================
Received Import Request.
  Time since last request: 0.000224 seconds.
  path: Assets/ExampleAssets/Materials/DryWallPainted_Mat.mat
  artifactKey: Guid(9b8eadc4de0544646b75ddcc43f8fd06) Importer(815301076,1909f56bfc062723c751e8b465ee728b)
Start importing Assets/ExampleAssets/Materials/DryWallPainted_Mat.mat using Guid(9b8eadc4de0544646b75ddcc43f8fd06) Importer(815301076,1909f56bfc062723c751e8b465ee728b)  -> (artifact id: 'd2daf2ba16cf523afb6fd9a92cd60431') in 0.013701 seconds
  Import took 0.018805 seconds .

========================================================================
Received Import Request.
  Time since last request: 0.000249 seconds.
  path: Assets/ExampleAssets/Materials/Plastic_Ridges_Mat.mat
  artifactKey: Guid(c05de7c865075334786e6a47a543af72) Importer(815301076,1909f56bfc062723c751e8b465ee728b)
Start importing Assets/ExampleAssets/Materials/Plastic_Ridges_Mat.mat using Guid(c05de7c865075334786e6a47a543af72) Importer(815301076,1909f56bfc062723c751e8b465ee728b)  -> (artifact id: '5003e12572ea9a621de5414b02f6516a') in 0.013083 seconds
  Import took 0.017157 seconds .

========================================================================
Received Import Request.
  Time since last request: 0.000296 seconds.
  path: Assets/ExampleAssets/Materials/Metal_Blue_Simple_Mat.mat
  artifactKey: Guid(cd71291c91c8cce499cb663b5db9970e) Importer(815301076,1909f56bfc062723c751e8b465ee728b)
Start importing Assets/ExampleAssets/Materials/Metal_Blue_Simple_Mat.mat using Guid(cd71291c91c8cce499cb663b5db9970e) Importer(815301076,1909f56bfc062723c751e8b465ee728b)  -> (artifact id: '30f3e1062ea9b1bd63f0931b6d42dd5e') in 0.013194 seconds
  Import took 0.017342 seconds .

========================================================================
Received Import Request.
  Time since last request: 0.000241 seconds.
  path: Assets/ExampleAssets/Materials/Paint1G_WAnim_Material.mat
  artifactKey: Guid(55c183dc45153be48a45c4e530127fb3) Importer(815301076,1909f56bfc062723c751e8b465ee728b)
Start importing Assets/ExampleAssets/Materials/Paint1G_WAnim_Material.mat using Guid(55c183dc45153be48a45c4e530127fb3) Importer(815301076,1909f56bfc062723c751e8b465ee728b)  -> (artifact id: 'ecfc66ee677e9825ef849d4abc1dc973') in 0.705856 seconds
  Import took 0.710458 seconds .

========================================================================
Received Import Request.
  Time since last request: 0.000192 seconds.
  path: Assets/ExampleAssets/Materials/Plastic_White_Mat.mat
  artifactKey: Guid(6cfe423139c361a459da7ed9831d4b1c) Importer(815301076,1909f56bfc062723c751e8b465ee728b)
Start importing Assets/ExampleAssets/Materials/Plastic_White_Mat.mat using Guid(6cfe423139c361a459da7ed9831d4b1c) Importer(815301076,1909f56bfc062723c751e8b465ee728b)  -> (artifact id: '4e4c5bd2054587e277986469aa2a6605') in 0.014219 seconds
  Import took 0.018649 seconds .

========================================================================
Received Import Request.
  Time since last request: 0.000226 seconds.
  path: Assets/ExampleAssets/Materials/Liquid_Mat.mat
  artifactKey: Guid(c532880e607f8c84d8b9bf0c46a522ad) Importer(815301076,1909f56bfc062723c751e8b465ee728b)
Start importing Assets/ExampleAssets/Materials/Liquid_Mat.mat using Guid(c532880e607f8c84d8b9bf0c46a522ad) Importer(815301076,1909f56bfc062723c751e8b465ee728b)  -> (artifact id: 'd7855489e44ed7ca264f1ceb03e4db1f') in 0.012952 seconds
  Import took 0.017071 seconds .

========================================================================
Received Import Request.
  Time since last request: 0.000249 seconds.
  path: Assets/ExampleAssets/Materials/OBS_Mat.mat
  artifactKey: Guid(c438e5c679f1be040a135443008e2fce) Importer(815301076,1909f56bfc062723c751e8b465ee728b)
Start importing Assets/ExampleAssets/Materials/OBS_Mat.mat using Guid(c438e5c679f1be040a135443008e2fce) Importer(815301076,1909f56bfc062723c751e8b465ee728b)  -> (artifact id: '463d4f73335ecdfa087de40db4475372') in 0.014996 seconds
  Import took 0.018932 seconds .

========================================================================
Received Import Request.
  Time since last request: 0.000221 seconds.
  path: Assets/ExampleAssets/Materials/PaintBrush_Mat.mat
  artifactKey: Guid(539165557a9d3744680bb21164bea45e) Importer(815301076,1909f56bfc062723c751e8b465ee728b)
Start importing Assets/ExampleAssets/Materials/PaintBrush_Mat.mat using Guid(539165557a9d3744680bb21164bea45e) Importer(815301076,1909f56bfc062723c751e8b465ee728b)  -> (artifact id: 'ae2ef827796bb3a3a1a6f04f1d194759') in 0.013051 seconds
  Import took 0.017321 seconds .

========================================================================
Received Import Request.
  Time since last request: 0.000239 seconds.
  path: Assets/ExampleAssets/Materials/Stud_Mat.mat
  artifactKey: Guid(027cb3d3d7dc79d41ad763e01759de07) Importer(815301076,1909f56bfc062723c751e8b465ee728b)
Start importing Assets/ExampleAssets/Materials/Stud_Mat.mat using Guid(027cb3d3d7dc79d41ad763e01759de07) Importer(815301076,1909f56bfc062723c751e8b465ee728b)  -> (artifact id: '3848e31a4cbc095790d7d237fc83c40b') in 0.014543 seconds
  Import took 0.018154 seconds .

========================================================================
Received Import Request.
  Time since last request: 5.652230 seconds.
  path: Assets/UnityURPExampleAssets
  artifactKey: Guid(990f5c2df70993f4987a388ca178996a) Importer(815301076,1909f56bfc062723c751e8b465ee728b)
Start importing Assets/UnityURPExampleAssets using Guid(990f5c2df70993f4987a388ca178996a) Importer(815301076,1909f56bfc062723c751e8b465ee728b)  -> (artifact id: 'dff8d92644bec8f4f16f2f4b2786308d') in 0.006791 seconds
  Import took 0.011122 seconds .

========================================================================
Received Import Request.
  Time since last request: 1.437685 seconds.
  path: Assets
  artifactKey: Guid(00000000000000001000000000000000) Importer(815301076,1909f56bfc062723c751e8b465ee728b)
Start importing Assets using Guid(00000000000000001000000000000000) Importer(815301076,1909f56bfc062723c751e8b465ee728b)  -> (artifact id: '2c602d4445bd9e0e517b9a7c882a2249') in 0.007257 seconds
  Import took 0.012935 seconds .

========================================================================
Received Import Request.
  Time since last request: 10.477524 seconds.
  path: Assets/UnityOld
  artifactKey: Guid(6a7057951a7dec641b7a13b9fa524e15) Importer(815301076,1909f56bfc062723c751e8b465ee728b)
Start importing Assets/UnityOld using Guid(6a7057951a7dec641b7a13b9fa524e15) Importer(815301076,1909f56bfc062723c751e8b465ee728b)  -> (artifact id: '82a46e9041663cbf6268e2d4f2df5556') in 0.005978 seconds
  Import took 0.010093 seconds .

========================================================================
Received Import Request.
  Time since last request: 14.653978 seconds.
  path: Assets/Asset
  artifactKey: Guid(017a1fb80a6cfc34b9af97234edfcbb7) Importer(815301076,1909f56bfc062723c751e8b465ee728b)
Start importing Assets/Asset using Guid(017a1fb80a6cfc34b9af97234edfcbb7) Importer(815301076,1909f56bfc062723c751e8b465ee728b)  -> (artifact id: '28698d6ad5bf9333984a8f82cc01d15a') in 0.006530 seconds
  Import took 0.011034 seconds .

========================================================================
Received Import Request.
  Time since last request: 8.567031 seconds.
  path: Assets/Scripts
  artifactKey: Guid(02a3527b6b33a924e8ec66aa805ea717) Importer(815301076,1909f56bfc062723c751e8b465ee728b)
Start importing Assets/Scripts using Guid(02a3527b6b33a924e8ec66aa805ea717) Importer(815301076,1909f56bfc062723c751e8b465ee728b)  -> (artifact id: '232ef37dc85f87a37df27b12954ac0c1') in 0.001930 seconds
  Import took 0.005797 seconds .

========================================================================
Received Import Request.
  Time since last request: 4.533178 seconds.
  path: Assets/Assets
  artifactKey: Guid(017a1fb80a6cfc34b9af97234edfcbb7) Importer(815301076,1909f56bfc062723c751e8b465ee728b)
Start importing Assets/Assets using Guid(017a1fb80a6cfc34b9af97234edfcbb7) Importer(815301076,1909f56bfc062723c751e8b465ee728b)  -> (artifact id: 'acf8e99710a4d89acece6b13ca252e79') in 0.002311 seconds
  Import took 0.006151 seconds .

========================================================================
Received Import Request.
  Time since last request: 23.543948 seconds.
  path: Assets/Prefabs
  artifactKey: Guid(7b3cedd0dacaa154a932a331fe67522d) Importer(815301076,1909f56bfc062723c751e8b465ee728b)
Start importing Assets/Prefabs using Guid(7b3cedd0dacaa154a932a331fe67522d) Importer(815301076,1909f56bfc062723c751e8b465ee728b)  -> (artifact id: '075eb5c221d37f16c4bedd3a1fe3c136') in 0.005889 seconds
  Import took 0.009744 seconds .

========================================================================
Received Import Request.
  Time since last request: 9.385140 seconds.
  path: Assets/Assets/Modesl
  artifactKey: Guid(a1baf8fc84f7a5846b5608f42da94e2c) Importer(815301076,1909f56bfc062723c751e8b465ee728b)
Start importing Assets/Assets/Modesl using Guid(a1baf8fc84f7a5846b5608f42da94e2c) Importer(815301076,1909f56bfc062723c751e8b465ee728b)  -> (artifact id: 'c2f04ca2317ac410ecddf5c5af5bc7a3') in 0.006274 seconds
  Import took 0.010480 seconds .

========================================================================
Received Import Request.
  Time since last request: 3.183758 seconds.
  path: Assets/Assets/Models
  artifactKey: Guid(a1baf8fc84f7a5846b5608f42da94e2c) Importer(815301076,1909f56bfc062723c751e8b465ee728b)
Start importing Assets/Assets/Models using Guid(a1baf8fc84f7a5846b5608f42da94e2c) Importer(815301076,1909f56bfc062723c751e8b465ee728b)  -> (artifact id: '3525865abed795961183a15218bce106') in 0.005585 seconds
  Import took 0.009351 seconds .

========================================================================
Received Import Request.
  Time since last request: 5.781999 seconds.
  path: Assets/Assets/Materials
  artifactKey: Guid(669010e1960253840b8c4c10e5373eee) Importer(815301076,1909f56bfc062723c751e8b465ee728b)
Start importing Assets/Assets/Materials using Guid(669010e1960253840b8c4c10e5373eee) Importer(815301076,1909f56bfc062723c751e8b465ee728b)  -> (artifact id: '40c81677806ad60112a3a8dbf772a30d') in 0.001979 seconds
  Import took 0.005835 seconds .

========================================================================
Received Import Request.
  Time since last request: 5.350185 seconds.
  path: Assets/Assets/Animation
  artifactKey: Guid(1fffc5edf91a8f047a268a34f9e28eae) Importer(815301076,1909f56bfc062723c751e8b465ee728b)
Start importing Assets/Assets/Animation using Guid(1fffc5edf91a8f047a268a34f9e28eae) Importer(815301076,1909f56bfc062723c751e8b465ee728b)  -> (artifact id: '522e09fffb60525de1a82681499f991b') in 0.005782 seconds
  Import took 0.009858 seconds .

========================================================================
Received Import Request.
  Time since last request: 4.606195 seconds.
  path: Assets/Assets/Shader
  artifactKey: Guid(e14766797c2891d4eb1f821eff713568) Importer(815301076,1909f56bfc062723c751e8b465ee728b)
Start importing Assets/Assets/Shader using Guid(e14766797c2891d4eb1f821eff713568) Importer(815301076,1909f56bfc062723c751e8b465ee728b)  -> (artifact id: 'cc89dc23bb3bfb8aad679a1593d4ac27') in 0.006463 seconds
  Import took 0.010559 seconds .

========================================================================
Received Import Request.
  Time since last request: 28.768696 seconds.
  path: Assets/Scenes
  artifactKey: Guid(293aa22c379087f4fbaa9230a4f61308) Importer(815301076,1909f56bfc062723c751e8b465ee728b)
Start importing Assets/Scenes using Guid(293aa22c379087f4fbaa9230a4f61308) Importer(815301076,1909f56bfc062723c751e8b465ee728b)  -> (artifact id: 'dd082cf088334b0ec8f0d0f42c4392fa') in 0.005605 seconds
  Import took 0.009704 seconds .

========================================================================
Received Import Request.
  Time since last request: 15.348168 seconds.
  path: Assets/Scenes/TestLevel.unity
  artifactKey: Guid(5e611253fe8677b4eb480c5ffca06c5a) Importer(815301076,1909f56bfc062723c751e8b465ee728b)
Start importing Assets/Scenes/TestLevel.unity using Guid(5e611253fe8677b4eb480c5ffca06c5a) Importer(815301076,1909f56bfc062723c751e8b465ee728b)  -> (artifact id: 'e70228e133db0f91c2db4535aab611dc') in 0.006080 seconds
  Import took 0.009878 seconds .

========================================================================
Received Import Request.
  Time since last request: 7.382673 seconds.
  path: Assets/Scenes/New SceneTemplate.scenetemplate
  artifactKey: Guid(08a54b0c93afb064f916e3a27303b6b2) Importer(815301076,1909f56bfc062723c751e8b465ee728b)
Start importing Assets/Scenes/New SceneTemplate.scenetemplate using Guid(08a54b0c93afb064f916e3a27303b6b2) Importer(815301076,1909f56bfc062723c751e8b465ee728b)  -> (artifact id: '29eaf88e62bcae186c5aa2871b490c01') in 0.011575 seconds
  Import took 0.016026 seconds .

========================================================================
Received Import Request.
  Time since last request: 0.000650 seconds.
  path: Assets/Scenes/New SceneTemplate.scenetemplate
  artifactKey: Guid(08a54b0c93afb064f916e3a27303b6b2) Importer(815301076,1909f56bfc062723c751e8b465ee728b)
Start importing Assets/Scenes/New SceneTemplate.scenetemplate using Guid(08a54b0c93afb064f916e3a27303b6b2) Importer(815301076,1909f56bfc062723c751e8b465ee728b)  -> (artifact id: '29eaf88e62bcae186c5aa2871b490c01') in 0.003561 seconds
  Import took 0.007655 seconds .

========================================================================
Received Import Request.
  Time since last request: 17.912353 seconds.
  path: Assets/Scenes/New Scene.unity
  artifactKey: Guid(d571de9ac3e5dba4691d11eb4f5e14b5) Importer(815301076,1909f56bfc062723c751e8b465ee728b)
Start importing Assets/Scenes/New Scene.unity using Guid(d571de9ac3e5dba4691d11eb4f5e14b5) Importer(815301076,1909f56bfc062723c751e8b465ee728b)  -> (artifact id: 'e87db250b9ebec903d8f3e86a4c36448') in 0.006709 seconds
  Import took 0.010995 seconds .

========================================================================
Received Prepare
Registering precompiled user dll's ...
Registered in 0.001210 seconds.
Begin MonoManager ReloadAssembly
Native extension for WindowsStandalone target not found
Refreshing native plugins compatible for Editor in 0.47 ms, found 0 plugins.
Preloading 0 native plugins for Editor in 0.00 ms.
[ScriptCompilation] NOT recompiling all scripts because this is an import worker process. Reason to compile was: Define symbols changed
Mono: successfully reloaded assembly
- Completed reload, in  1.027 seconds
Platform modules already initialized, skipping
Shader 'Universal Render Pipeline/Particles/Lit': fallback shader 'Universal Render Pipeline/Particles/SimpleLit' not found
Refreshing native plugins compatible for Editor in 0.46 ms, found 0 plugins.
Preloading 0 native plugins for Editor in 0.00 ms.
Unloading 2429 Unused Serialized files (Serialized files now loaded: 0)
System memory in use before: 123.6 MB.
System memory in use after: 121.8 MB.

Unloading 32 unused Assets to reduce memory usage. Loaded Objects now: 3042.
Total: 3.262700 ms (FindLiveObjects: 0.337700 ms CreateObjectMapping: 0.101600 ms MarkObjects: 2.131800 ms  DeleteObjects: 0.690700 ms)

========================================================================
Received Import Request.
  Time since last request: 259.884872 seconds.
  path: Assets/Scenes/New Scene.unity
  artifactKey: Guid(d571de9ac3e5dba4691d11eb4f5e14b5) Importer(815301076,1909f56bfc062723c751e8b465ee728b)
Start importing Assets/Scenes/New Scene.unity using Guid(d571de9ac3e5dba4691d11eb4f5e14b5) Importer(815301076,1909f56bfc062723c751e8b465ee728b)  -> (artifact id: '9721909435fd16715e114fdd6aca46df') in 0.014877 seconds
  Import took 0.019471 seconds .

========================================================================
Received Import Request.
  Time since last request: 13.238727 seconds.
  path: Assets/Scenes/TestLevel.unity
  artifactKey: Guid(d571de9ac3e5dba4691d11eb4f5e14b5) Importer(815301076,1909f56bfc062723c751e8b465ee728b)
Start importing Assets/Scenes/TestLevel.unity using Guid(d571de9ac3e5dba4691d11eb4f5e14b5) Importer(815301076,1909f56bfc062723c751e8b465ee728b)  -> (artifact id: 'bfd1502a83baeaf89a85c58ba1875123') in 0.009895 seconds
  Import took 0.015908 seconds .

========================================================================
Received Import Request.
  Time since last request: 11.364129 seconds.
  path: Assets/Scenes/New Scene.unity
  artifactKey: Guid(eb47b048aa5977d42a61db3133d1b702) Importer(815301076,1909f56bfc062723c751e8b465ee728b)
Start importing Assets/Scenes/New Scene.unity using Guid(eb47b048aa5977d42a61db3133d1b702) Importer(815301076,1909f56bfc062723c751e8b465ee728b)  -> (artifact id: 'a3a5d10521a2a6216bf299991d0bb802') in 0.002415 seconds
  Import took 0.006379 seconds .

========================================================================
Received Import Request.
  Time since last request: 17.248956 seconds.
  path: Assets/Scenes/TestScene.unity
  artifactKey: Guid(eb47b048aa5977d42a61db3133d1b702) Importer(815301076,1909f56bfc062723c751e8b465ee728b)
Start importing Assets/Scenes/TestScene.unity using Guid(eb47b048aa5977d42a61db3133d1b702) Importer(815301076,1909f56bfc062723c751e8b465ee728b)  -> (artifact id: 'fbdefeb09db913b19ba8b3693f5490fb') in 0.006912 seconds
  Import took 0.011142 seconds .

========================================================================
Received Import Request.
  Time since last request: 7.644659 seconds.
  path: Assets/Scenes/New Scene.unity
  artifactKey: Guid(f77cd38a2d585e14287a60a325e9c881) Importer(815301076,1909f56bfc062723c751e8b465ee728b)
Start importing Assets/Scenes/New Scene.unity using Guid(f77cd38a2d585e14287a60a325e9c881) Importer(815301076,1909f56bfc062723c751e8b465ee728b)  -> (artifact id: 'e9883181693ed24663f2c395a7d661f5') in 0.002472 seconds
  Import took 0.006622 seconds .

========================================================================
Received Import Request.
  Time since last request: 0.004096 seconds.
  path: Assets/Scenes/New Scene.unity
  artifactKey: Guid(f77cd38a2d585e14287a60a325e9c881) Importer(815301076,1909f56bfc062723c751e8b465ee728b)
Start importing Assets/Scenes/New Scene.unity using Guid(f77cd38a2d585e14287a60a325e9c881) Importer(815301076,1909f56bfc062723c751e8b465ee728b)  -> (artifact id: 'e9883181693ed24663f2c395a7d661f5') in 0.002068 seconds
  Import took 0.006257 seconds .

========================================================================
Received Import Request.
  Time since last request: 43.094053 seconds.
  path: Assets/Scenes/TestScene.unity
  artifactKey: Guid(eb47b048aa5977d42a61db3133d1b702) Importer(815301076,1909f56bfc062723c751e8b465ee728b)
Start importing Assets/Scenes/TestScene.unity using Guid(eb47b048aa5977d42a61db3133d1b702) Importer(815301076,1909f56bfc062723c751e8b465ee728b)  -> (artifact id: '7f16b46cfb7c4f00762914623b567980') in 0.002537 seconds
  Import took 0.006644 seconds .

AssetImportWorkerClient::OnTransportError - code=2 error=End of file
